Crawling  http://dnes.dir.bg : 1
Crawling  http://dnes.dir.bg/tag_first.php?id=122244 : 0
Crawling  http://dnes.dir.bg/tag_first.php?id=132368 : 0
Crawling  http://dnes.dir.bg/tag_first.php?id=119833 : 0
Crawling  http://dnes.dir.bg/tag_first.php?id=121340 : 0
Crawling  http://dnes.dir.bg/tag_first.php?id=47170 : 0
Crawling  http://dnes.dir.bg/tag_first.php?id=139004 : 0
Crawling  http://dnes.dir.bg/tag_first.php?id=139584 : 0
Crawling  http://dnes.dir.bg/tag_first.php?id=45576 : 0
Crawling  http://dnes.dir.bg/tag_first.php?id=46544 : 0
Crawling  http://dnes.dir.bg/ : 0
Crawling  http://dnes.dir.bg/gallery_fp.php : 0
Crawling  http://dnes.dir.bg/video.php?id=22456953&lv=1 : 0
Crawling  http://dnes.dir.bg/support/cat_rss.php?section=all : 0
Crawling  http://dnes.dir.bg/cat/all/ : 0
Crawling  http://dnes.dir.bg/cat/main/ : 0
Crawling  http://dnes.dir.bg/cat/politics/ : 0
Crawling  http://dnes.dir.bg/cat/society/ : 0
Crawling  http://dnes.dir.bg/cat/world/ : 0
Crawling  http://dnes.dir.bg/cat/business/ : 0
Crawling  http://dnes.dir.bg/cat.php?id=434 : 0
Crawling  http://dnes.dir.bg/cat.php?id=417 : 0
Crawling  http://dnes.dir.bg/support/cat_rss.php?section=glavnite : 0
Crawling  http://dnes.dir.bg/?&page=0 : 0
Crawling  http://dnes.dir.bg/?&titles=true&page=0 : 0
Crawling  http://dnes.dir.bg/?&state=1 : 0
Crawling  http://dnes.dir.bg/?&state=2 : 0
Crawling  http://dnes.dir.bg/news/plovdiv-burki-22479851?nt=10 : 0
Crawling  http://dnes.dir.bg/news_comments.php?id=22479851 : 0
Crawling  http://dnes.dir.bg/news/ukrina-22479706?nt=10 : 0
Crawling  http://dnes.dir.bg/news_comments.php?id=22479706 : 0
Crawling  http://dnes.dir.bg/news/produkti-mente-22477065?nt=10 : 0
Crawling  http://dnes.dir.bg/news_comments.php?id=22477065 : 0
Crawling  http://dnes.dir.bg/news/iznos-gazprom-krajat-zhen-potok-22476967?nt=10 : 0
Crawling  http://dnes.dir.bg/news_comments.php?id=22476967 : 0
Crawling  http://dnes.dir.bg/news/bansko-hram-sveti-georgi-pobedonosetz-22476888?nt=10 : 0
Crawling  http://dnes.dir.bg/news_comments.php?id=22476888 : 0
Crawling  http://dnes.dir.bg/news/USA-barak-obama-prezidentski-izbori-sasht-izbori-2016-22476697?nt=10 : 0
Crawling  http://dnes.dir.bg/news_comments.php?id=22476697 : 0
Crawling  http://dnes.dir.bg/news/Germania-evropeyski-parlament-alternativa-germania-politicheska-programa-22476489?nt=10 : 0
Crawling  http://dnes.dir.bg/news_comments.php?id=22476489 : 0
Crawling  http://dnes.dir.bg/news/patriotichen-fontan-22476332?nt=10 : 0
Crawling  http://dnes.dir.bg/news_comments.php?id=22476332 : 0
Crawling  http://dnes.dir.bg/news/targovia-es-evropeyski-parlament-novi-mitnicheski-pravila-22476189?nt=10 : 0
Crawling  http://dnes.dir.bg/news_comments.php?id=22476189 : 0
Crawling  http://dnes.dir.bg/news/sofia-mvr-proverki-22475981?nt=10 : 0
Crawling  http://dnes.dir.bg/news_comments.php?id=22475981 : 0
Crawling  http://dnes.dir.bg/news/zhertvi-irak-atentat-jihad-22475911?nt=10 : 0
Crawling  http://dnes.dir.bg/news_comments.php?id=22475911 : 0
Crawling  http://dnes.dir.bg/news/mosv-Иvelina-Вasileva-cherno-more-prouchvania-total-krajat-zhen-potok-22475728?nt=10 : 0
Crawling  http://dnes.dir.bg/news_comments.php?id=22475728 : 0
Crawling  http://dnes.dir.bg/news/alpinist-bojan-petrov-osemhiljadnik-anapurna-22475452?nt=10 : 0
Crawling  http://dnes.dir.bg/news_comments.php?id=22475452 : 0
Crawling  http://dnes.dir.bg/news/turtzia-shtinmier-migranti-bezhanskiat-natisk-22475244?nt=10 : 0
Crawling  http://dnes.dir.bg/news_comments.php?id=22475244 : 0
Crawling  http://dnes.dir.bg/news/voda-tzena-kevr-22475005?nt=10 : 0
Crawling  http://dnes.dir.bg/news_comments.php?id=22475005 : 0
Crawling  http://dnes.dir.bg/news/dazhd-vremeto-mi-22474637?nt=10 : 0
Crawling  http://dnes.dir.bg/news_comments.php?id=22474637 : 0
Crawling  http://dnes.dir.bg/news/hilari-klintan-barak-obama-22474405?nt=10 : 0
Crawling  http://dnes.dir.bg/news_comments.php?id=22474405 : 0
Crawling  http://dnes.dir.bg/?section=glavnite&page=1&state=0&titles= : 0
Crawling  http://dnes.dir.bg/?section=glavnite&page=2&state=0&titles= : 0
Crawling  http://dnes.dir.bg/?section=glavnite&page=3&state=0&titles= : 0
Crawling  http://dnes.dir.bg/?section=glavnite&page=4&state=0&titles= : 0
Crawling  http://dnes.dir.bg/?section=glavnite&page=5&state=0&titles= : 0
Crawling  http://dnes.dir.bg/?section=glavnite&page=6&state=0&titles= : 0
Crawling  http://dnes.dir.bg/news/produkti-mente-22477065?nt=9 : 0
Crawling  http://dnes.dir.bg/news/severna-koreja-svatbi-kongres-pogrebenia-22479585?nt=9 : 0
Crawling  http://dnes.dir.bg/news/ukrina-22479706?nt=9 : 0
Crawling  http://dnes.dir.bg/news/protesti-izbori2013-izborniat-kodex-22479255?nt=9 : 0
Crawling  http://dnes.dir.bg/news/plovdiv-burki-22479851?nt=9 : 0
Crawling  http://dnes.dir.bg/news/iznos-gazprom-krajat-zhen-potok-22476967?nt=9 : 0
Crawling  http://dnes.dir.bg/news/rusia-ukrina-nato-22471777?nt=9 : 0
Crawling  http://dnes.dir.bg/news/samoleti-USA-rusia-ukrina-prehvashtane-22470450?nt=9 : 0
Crawling  http://dnes.dir.bg/news.php?id=22472274&nt=9 : 0
Crawling  http://dnes.dir.bg/news/Germania-evropeyski-parlament-alternativa-germania-politicheska-programa-22476489?nt=9 : 0
Crawling  http://dnes.dir.bg/news/USA-barak-obama-prezidentski-izbori-sasht-izbori-2016-22476697?nt=9 : 0
Crawling  http://dnes.dir.bg/news/targovia-es-evropeyski-parlament-novi-mitnicheski-pravila-22476189?nt=9 : 0
Crawling  http://dnes.dir.bg/news/velikden-patriarh-Нeofit-22472416?nt=9 : 0
Crawling  http://dnes.dir.bg/topics.php?section=all : 0
Crawling  http://dnes.dir.bg/news.php?id=22450892 : 0
Crawling  http://dnes.dir.bg/2016/05/01/news22476967.html : 0
Crawling  http://dnes.dir.bg/ereferendum/ : 0
Crawling  http://dnes.dir.bg/ereferendum/anketa.php?id=936&action=result&quq1503=7239&;co=1 : 0
Crawling  http://dnes.dir.bg/ereferendum/anketa.php?id=936&action=result&quq1503=7240&;co=1 : 0
Crawling  http://dnes.dir.bg/ereferendum/anketa.php?id=578 : 0
Crawling  http://dnes.dir.bg/ereferendum/anketa.php?id=933 : 0
Crawling  http://dnes.dir.bg/news_comments.php?id=18704599 : 0
Crawling  http://dnes.dir.bg/contacts.php : 0
Crawling  http://dnes.dir.bg/rules.php : 0
0 1 [ 'http://dnes.dir.bg' ] []

Scoring http://dnes.dir.bg/support/cat_rss.php?section=all 0 0.16429765886287626
0 1 [ 'http://dnes.dir.bg' ] []
1 1 [ 'http://dnes.dir.bg/support/cat_rss.php?section=all' ] []

Scoring http://dnes.dir.bg/news_comments.php?id=22479851 1 0.3812642775556825
0 1 [ 'http://dnes.dir.bg' ] []
1 1 [ 'http://dnes.dir.bg/support/cat_rss.php?section=all' ] []
2 1 [ 'http://dnes.dir.bg/news_comments.php?id=22479851' ] []

Scoring http://dnes.dir.bg/gallery_fp.php 2 0.1937285836664763
Scoring http://dnes.dir.bg/news_comments.php?id=22475911 2 0
Scoring http://dnes.dir.bg/?section=glavnite&page=3&state=0&titles= 0 0
Scoring http://dnes.dir.bg/news_comments.php?id=22476189 2 0
Scoring http://dnes.dir.bg/news/sofia-mvr-proverki-22475981?nt=10 3 0.17433109877079495
0 2 [ 'http://dnes.dir.bg',
  'http://dnes.dir.bg/?section=glavnite&page=3&state=0&titles=' ] []
1 1 [ 'http://dnes.dir.bg/support/cat_rss.php?section=all' ] []
2 3 [ 'http://dnes.dir.bg/news_comments.php?id=22479851',
  'http://dnes.dir.bg/news_comments.php?id=22475911',
  'http://dnes.dir.bg/news_comments.php?id=22476189' ] []
3 1 [ 'http://dnes.dir.bg/gallery_fp.php' ] []
4 1 [ 'http://dnes.dir.bg/news/sofia-mvr-proverki-22475981?nt=10' ] []

Scoring http://dnes.dir.bg/news_comments.php?id=22475728 2 0
Scoring http://dnes.dir.bg/news_comments.php?id=22475244 2 0
Scoring http://dnes.dir.bg/news_comments.php?id=22477065 2 0
Scoring http://dnes.dir.bg/news_comments.php?id=22479706 2 0
Scoring http://dnes.dir.bg/cat/politics/ 0 0.015438429600562839
Scoring http://dnes.dir.bg/news/USA-barak-obama-prezidentski-izbori-sasht-izbori-2016-22476697?nt=10 3 0.184793657247408
Scoring http://dnes.dir.bg/tag_first.php?id=45576 1 0.3525711871018073
Scoring http://dnes.dir.bg/news/targovia-es-evropeyski-parlament-novi-mitnicheski-pravila-22476189?nt=10 6 0.01266065821869847
Scoring http://dnes.dir.bg/support/cat_rss.php?section=glavnite 1 0
Scoring http://dnes.dir.bg/news/bansko-hram-sveti-georgi-pobedonosetz-22476888?nt=10 4 0.020357608274534204
Scoring http://dnes.dir.bg/?&state=1 0 0.00043329689700335805
Scoring http://dnes.dir.bg/tag_first.php?id=139004 7 0.0019193857965451055
Scoring http://dnes.dir.bg/news_comments.php?id=22476332 2 0
Scoring http://dnes.dir.bg/news/produkti-mente-22477065?nt=10 9 0.008767435240535155
Scoring http://dnes.dir.bg/news/patriotichen-fontan-22476332?nt=10 9 0.004075496517623293
Scoring http://dnes.dir.bg/news/plovdiv-burki-22479851?nt=10 9 0.001611313974381267
Scoring http://dnes.dir.bg/cat/business/ 5 0
Scoring http://dnes.dir.bg/tag_first.php?id=139584 7 0.0007864284911807662
Scoring http://dnes.dir.bg/news/dazhd-vremeto-mi-22474637?nt=10 9 0.0008305839466580532
Scoring http://dnes.dir.bg/news/hilari-klintan-barak-obama-22474405?nt=10 9 0
Scoring http://dnes.dir.bg/news/ukrina-22479706?nt=10 8 0.0056054973008437025
Scoring http://dnes.dir.bg/ 0 0
Scoring http://dnes.dir.bg/news/alpinist-bojan-petrov-osemhiljadnik-anapurna-22475452?nt=10 9 0.00031967119534193403
Scoring http://dnes.dir.bg/tag_first.php?id=46544 7 0.014562475620855546
Scoring http://dnes.dir.bg/news_comments.php?id=22476967 2 0
Scoring http://dnes.dir.bg/cat/main/ 0 0
Scoring http://dnes.dir.bg/news/voda-tzena-kevr-22475005?nt=10 9 0.0014841876926589793
Scoring http://dnes.dir.bg/news_comments.php?id=22474405 2 0
Scoring http://dnes.dir.bg/news_comments.php?id=22475452 2 0
Scoring http://dnes.dir.bg/cat.php?id=434 5 0.08973851422237178
Scoring http://dnes.dir.bg/news/iznos-gazprom-krajat-zhen-potok-22476967?nt=10 8 0.0015560345324404385
0 5 [ 'http://dnes.dir.bg',
  'http://dnes.dir.bg/?section=glavnite&page=3&state=0&titles=',
  'http://dnes.dir.bg/?&state=1',
  'http://dnes.dir.bg/',
  'http://dnes.dir.bg/cat/main/' ] [ 0.00043329689700335805 ]
1 2 [ 'http://dnes.dir.bg/support/cat_rss.php?section=all',
  'http://dnes.dir.bg/support/cat_rss.php?section=glavnite' ] []
2 5 [ 'http://dnes.dir.bg/news_comments.php?id=22479851',
  'http://dnes.dir.bg/news_comments.php?id=22475911',
  'http://dnes.dir.bg/news_comments.php?id=22476189',
  'http://dnes.dir.bg/news_comments.php?id=22475728',
  'http://dnes.dir.bg/news_comments.php?id=22475244',
  'http://dnes.dir.bg/news_comments.php?id=22477065',
  'http://dnes.dir.bg/news_comments.php?id=22479706',
  'http://dnes.dir.bg/news_comments.php?id=22476332',
  'http://dnes.dir.bg/news_comments.php?id=22476967',
  'http://dnes.dir.bg/news_comments.php?id=22474405',
  'http://dnes.dir.bg/news_comments.php?id=22475452' ] []
3 1 [ 'http://dnes.dir.bg/gallery_fp.php' ] []
4 1 [ 'http://dnes.dir.bg/news/sofia-mvr-proverki-22475981?nt=10' ] []
5 2 [ 'http://dnes.dir.bg/cat/politics/',
  'http://dnes.dir.bg/cat/business/' ] []
6 1 [ 'http://dnes.dir.bg/news/USA-barak-obama-prezidentski-izbori-sasht-izbori-2016-22476697?nt=10' ] []
7 3 [ 'http://dnes.dir.bg/tag_first.php?id=45576',
  'http://dnes.dir.bg/tag_first.php?id=139004',
  'http://dnes.dir.bg/tag_first.php?id=139584' ] [ 0.0019193857965451055, 0.0007864284911807662 ]
8 3 [ 'http://dnes.dir.bg/news/targovia-es-evropeyski-parlament-novi-mitnicheski-pravila-22476189?nt=10',
  'http://dnes.dir.bg/news/ukrina-22479706?nt=10',
  'http://dnes.dir.bg/news/iznos-gazprom-krajat-zhen-potok-22476967?nt=10' ] [ 0.0056054973008437025, 0.0015560345324404385 ]
9 5 [ 'http://dnes.dir.bg/news/bansko-hram-sveti-georgi-pobedonosetz-22476888?nt=10',
  'http://dnes.dir.bg/news/produkti-mente-22477065?nt=10',
  'http://dnes.dir.bg/news/patriotichen-fontan-22476332?nt=10',
  'http://dnes.dir.bg/news/plovdiv-burki-22479851?nt=10',
  'http://dnes.dir.bg/news/dazhd-vremeto-mi-22474637?nt=10',
  'http://dnes.dir.bg/news/hilari-klintan-barak-obama-22474405?nt=10',
  'http://dnes.dir.bg/news/alpinist-bojan-petrov-osemhiljadnik-anapurna-22475452?nt=10',
  'http://dnes.dir.bg/news/voda-tzena-kevr-22475005?nt=10' ] [ 0.008767435240535155,
  0.004075496517623293,
  0.001611313974381267,
  0.0008305839466580532,
  0.00031967119534193403,
  0.0014841876926589793 ]
10 1 [ 'http://dnes.dir.bg/tag_first.php?id=46544' ] []
11 1 [ 'http://dnes.dir.bg/cat.php?id=434' ] []

Scoring http://dnes.dir.bg/?&state=2 0 0
Scoring http://dnes.dir.bg/tag_first.php?id=122244 7 0.003435931856681689
Scoring http://dnes.dir.bg/tag_first.php?id=132368 7 0.001636455186304129
Scoring http://dnes.dir.bg/tag_first.php?id=119833 7 0
Scoring http://dnes.dir.bg/tag_first.php?id=121340 7 0.0006232620577236551
Scoring http://dnes.dir.bg/tag_first.php?id=47170 7 0.0008683433587521116
Scoring http://dnes.dir.bg/news_comments.php?id=22474637 2 0
Scoring http://dnes.dir.bg/cat/all/ 5 0
Scoring http://dnes.dir.bg/cat/society/ 5 0
Scoring http://dnes.dir.bg/news_comments.php?id=22476888 2 0
Scoring http://dnes.dir.bg/?&titles=true&page=0 0 0
Scoring http://dnes.dir.bg/?&page=0 0 0
Scoring http://dnes.dir.bg/news_comments.php?id=22476489 2 0
Scoring http://dnes.dir.bg/news_comments.php?id=22475005 2 0
Scoring http://dnes.dir.bg/news_comments.php?id=22475981 2 0
Scoring http://dnes.dir.bg/?section=glavnite&page=4&state=0&titles= 0 0
Scoring http://dnes.dir.bg/cat/world/ 5 0
Scoring http://dnes.dir.bg/cat.php?id=417 11 0
Scoring http://dnes.dir.bg/news/Germania-evropeyski-parlament-alternativa-germania-politicheska-programa-22476489?nt=10 8 0
Scoring http://dnes.dir.bg/news/zhertvi-irak-atentat-jihad-22475911?nt=10 8 0.004818972259281409
Scoring http://dnes.dir.bg/video.php?id=22456953&lv=1 5 0.13239573229873908
Scoring http://dnes.dir.bg/news/turtzia-shtinmier-migranti-bezhanskiat-natisk-22475244?nt=10 8 0
Scoring http://dnes.dir.bg/news_comments.php?id=22476697 2 0
0 5 [ 'http://dnes.dir.bg',
  'http://dnes.dir.bg/?section=glavnite&page=3&state=0&titles=',
  'http://dnes.dir.bg/?&state=1',
  'http://dnes.dir.bg/',
  'http://dnes.dir.bg/cat/main/',
  'http://dnes.dir.bg/?&state=2',
  'http://dnes.dir.bg/?&titles=true&page=0',
  'http://dnes.dir.bg/?&page=0',
  'http://dnes.dir.bg/?section=glavnite&page=4&state=0&titles=' ] [ 0.00043329689700335805 ]
1 2 [ 'http://dnes.dir.bg/support/cat_rss.php?section=all',
  'http://dnes.dir.bg/support/cat_rss.php?section=glavnite' ] []
2 5 [ 'http://dnes.dir.bg/news_comments.php?id=22479851',
  'http://dnes.dir.bg/news_comments.php?id=22475911',
  'http://dnes.dir.bg/news_comments.php?id=22476189',
  'http://dnes.dir.bg/news_comments.php?id=22475728',
  'http://dnes.dir.bg/news_comments.php?id=22475244',
  'http://dnes.dir.bg/news_comments.php?id=22477065',
  'http://dnes.dir.bg/news_comments.php?id=22479706',
  'http://dnes.dir.bg/news_comments.php?id=22476332',
  'http://dnes.dir.bg/news_comments.php?id=22476967',
  'http://dnes.dir.bg/news_comments.php?id=22474405',
  'http://dnes.dir.bg/news_comments.php?id=22475452',
  'http://dnes.dir.bg/news_comments.php?id=22474637',
  'http://dnes.dir.bg/news_comments.php?id=22476888',
  'http://dnes.dir.bg/news_comments.php?id=22476489',
  'http://dnes.dir.bg/news_comments.php?id=22475005',
  'http://dnes.dir.bg/news_comments.php?id=22475981',
  'http://dnes.dir.bg/news_comments.php?id=22476697' ] []
3 1 [ 'http://dnes.dir.bg/gallery_fp.php' ] []
4 1 [ 'http://dnes.dir.bg/news/sofia-mvr-proverki-22475981?nt=10' ] []
5 5 [ 'http://dnes.dir.bg/cat/politics/',
  'http://dnes.dir.bg/cat/business/',
  'http://dnes.dir.bg/cat/all/',
  'http://dnes.dir.bg/cat/society/',
  'http://dnes.dir.bg/cat/world/' ] []
6 1 [ 'http://dnes.dir.bg/news/USA-barak-obama-prezidentski-izbori-sasht-izbori-2016-22476697?nt=10' ] []
7 5 [ 'http://dnes.dir.bg/tag_first.php?id=45576',
  'http://dnes.dir.bg/tag_first.php?id=139004',
  'http://dnes.dir.bg/tag_first.php?id=139584',
  'http://dnes.dir.bg/tag_first.php?id=122244',
  'http://dnes.dir.bg/tag_first.php?id=132368',
  'http://dnes.dir.bg/tag_first.php?id=119833',
  'http://dnes.dir.bg/tag_first.php?id=121340',
  'http://dnes.dir.bg/tag_first.php?id=47170' ] [ 0.0019193857965451055,
  0.0007864284911807662,
  0.003435931856681689,
  0.001636455186304129,
  0.0006232620577236551,
  0.0008683433587521116 ]
8 5 [ 'http://dnes.dir.bg/news/targovia-es-evropeyski-parlament-novi-mitnicheski-pravila-22476189?nt=10',
  'http://dnes.dir.bg/news/ukrina-22479706?nt=10',
  'http://dnes.dir.bg/news/iznos-gazprom-krajat-zhen-potok-22476967?nt=10',
  'http://dnes.dir.bg/news/Germania-evropeyski-parlament-alternativa-germania-politicheska-programa-22476489?nt=10',
  'http://dnes.dir.bg/news/zhertvi-irak-atentat-jihad-22475911?nt=10',
  'http://dnes.dir.bg/news/turtzia-shtinmier-migranti-bezhanskiat-natisk-22475244?nt=10' ] [ 0.0056054973008437025,
  0.0015560345324404385,
  0.004818972259281409 ]
9 5 [ 'http://dnes.dir.bg/news/bansko-hram-sveti-georgi-pobedonosetz-22476888?nt=10',
  'http://dnes.dir.bg/news/produkti-mente-22477065?nt=10',
  'http://dnes.dir.bg/news/patriotichen-fontan-22476332?nt=10',
  'http://dnes.dir.bg/news/plovdiv-burki-22479851?nt=10',
  'http://dnes.dir.bg/news/dazhd-vremeto-mi-22474637?nt=10',
  'http://dnes.dir.bg/news/hilari-klintan-barak-obama-22474405?nt=10',
  'http://dnes.dir.bg/news/alpinist-bojan-petrov-osemhiljadnik-anapurna-22475452?nt=10',
  'http://dnes.dir.bg/news/voda-tzena-kevr-22475005?nt=10' ] [ 0.008767435240535155,
  0.004075496517623293,
  0.001611313974381267,
  0.0008305839466580532,
  0.00031967119534193403,
  0.0014841876926589793 ]
10 1 [ 'http://dnes.dir.bg/tag_first.php?id=46544' ] []
11 2 [ 'http://dnes.dir.bg/cat.php?id=434',
  'http://dnes.dir.bg/cat.php?id=417' ] []
12 1 [ 'http://dnes.dir.bg/video.php?id=22456953&lv=1' ] []

Scoring http://dnes.dir.bg/news/samoleti-USA-rusia-ukrina-prehvashtane-22470450?nt=9 8 0.006148948838913571
Scoring http://dnes.dir.bg/news.php?id=22450892 1 1.2413896618212468
Scoring http://dnes.dir.bg/news/plovdiv-burki-22479851?nt=9 9 0
Scoring http://dnes.dir.bg/news/ukrina-22479706?nt=9 8 0.0015560883397113744
Scoring http://dnes.dir.bg/news/produkti-mente-22477065?nt=9 9 0.006399307690555897
Scoring http://dnes.dir.bg/news/protesti-izbori2013-izborniat-kodex-22479255?nt=9 8 0.022851459795605752
Scoring http://dnes.dir.bg/news.php?id=22472274&nt=9 13 0.0005657479996767154
Scoring http://dnes.dir.bg/topics.php?section=all 5 0
Scoring http://dnes.dir.bg/news/Germania-evropeyski-parlament-alternativa-germania-politicheska-programa-22476489?nt=9 8 0
Scoring http://dnes.dir.bg/news/USA-barak-obama-prezidentski-izbori-sasht-izbori-2016-22476697?nt=9 6 0
Scoring http://dnes.dir.bg/ereferendum/anketa.php?id=936&action=result&quq1503=7240&;co=1 7 0.21122860020140988
Scoring http://dnes.dir.bg/ereferendum/anketa.php?id=933 15 0
Scoring http://dnes.dir.bg/ereferendum/anketa.php?id=936&action=result&quq1503=7239&;co=1 15 0
Scoring http://dnes.dir.bg/ereferendum/ 3 0.2309939823145837
Scoring http://dnes.dir.bg/ereferendum/anketa.php?id=578 15 0
Scoring http://dnes.dir.bg/rules.php 1 0.06018041639354496
Scoring http://dnes.dir.bg/?section=glavnite&page=2&state=0&titles= 0 0
Scoring http://dnes.dir.bg/?section=glavnite&page=1&state=0&titles= 0 0
Scoring http://dnes.dir.bg/?section=glavnite&page=5&state=0&titles= 0 0
Scoring http://dnes.dir.bg/?section=glavnite&page=6&state=0&titles= 0 0
Scoring http://dnes.dir.bg/news/targovia-es-evropeyski-parlament-novi-mitnicheski-pravila-22476189?nt=9 8 0.005003893189208995
0 5 [ 'http://dnes.dir.bg',
  'http://dnes.dir.bg/?section=glavnite&page=3&state=0&titles=',
  'http://dnes.dir.bg/?&state=1',
  'http://dnes.dir.bg/',
  'http://dnes.dir.bg/cat/main/',
  'http://dnes.dir.bg/?&state=2',
  'http://dnes.dir.bg/?&titles=true&page=0',
  'http://dnes.dir.bg/?&page=0',
  'http://dnes.dir.bg/?section=glavnite&page=4&state=0&titles=',
  'http://dnes.dir.bg/?section=glavnite&page=2&state=0&titles=',
  'http://dnes.dir.bg/?section=glavnite&page=1&state=0&titles=',
  'http://dnes.dir.bg/?section=glavnite&page=5&state=0&titles=',
  'http://dnes.dir.bg/?section=glavnite&page=6&state=0&titles=' ] [ 0.00043329689700335805 ]
1 2 [ 'http://dnes.dir.bg/support/cat_rss.php?section=all',
  'http://dnes.dir.bg/support/cat_rss.php?section=glavnite' ] []
2 5 [ 'http://dnes.dir.bg/news_comments.php?id=22479851',
  'http://dnes.dir.bg/news_comments.php?id=22475911',
  'http://dnes.dir.bg/news_comments.php?id=22476189',
  'http://dnes.dir.bg/news_comments.php?id=22475728',
  'http://dnes.dir.bg/news_comments.php?id=22475244',
  'http://dnes.dir.bg/news_comments.php?id=22477065',
  'http://dnes.dir.bg/news_comments.php?id=22479706',
  'http://dnes.dir.bg/news_comments.php?id=22476332',
  'http://dnes.dir.bg/news_comments.php?id=22476967',
  'http://dnes.dir.bg/news_comments.php?id=22474405',
  'http://dnes.dir.bg/news_comments.php?id=22475452',
  'http://dnes.dir.bg/news_comments.php?id=22474637',
  'http://dnes.dir.bg/news_comments.php?id=22476888',
  'http://dnes.dir.bg/news_comments.php?id=22476489',
  'http://dnes.dir.bg/news_comments.php?id=22475005',
  'http://dnes.dir.bg/news_comments.php?id=22475981',
  'http://dnes.dir.bg/news_comments.php?id=22476697' ] []
3 1 [ 'http://dnes.dir.bg/gallery_fp.php' ] []
4 1 [ 'http://dnes.dir.bg/news/sofia-mvr-proverki-22475981?nt=10' ] []
5 5 [ 'http://dnes.dir.bg/cat/politics/',
  'http://dnes.dir.bg/cat/business/',
  'http://dnes.dir.bg/cat/all/',
  'http://dnes.dir.bg/cat/society/',
  'http://dnes.dir.bg/cat/world/',
  'http://dnes.dir.bg/topics.php?section=all' ] []
6 2 [ 'http://dnes.dir.bg/news/USA-barak-obama-prezidentski-izbori-sasht-izbori-2016-22476697?nt=10',
  'http://dnes.dir.bg/news/USA-barak-obama-prezidentski-izbori-sasht-izbori-2016-22476697?nt=9' ] []
7 5 [ 'http://dnes.dir.bg/tag_first.php?id=45576',
  'http://dnes.dir.bg/tag_first.php?id=139004',
  'http://dnes.dir.bg/tag_first.php?id=139584',
  'http://dnes.dir.bg/tag_first.php?id=122244',
  'http://dnes.dir.bg/tag_first.php?id=132368',
  'http://dnes.dir.bg/tag_first.php?id=119833',
  'http://dnes.dir.bg/tag_first.php?id=121340',
  'http://dnes.dir.bg/tag_first.php?id=47170' ] [ 0.0019193857965451055,
  0.0007864284911807662,
  0.003435931856681689,
  0.001636455186304129,
  0.0006232620577236551,
  0.0008683433587521116 ]
8 5 [ 'http://dnes.dir.bg/news/targovia-es-evropeyski-parlament-novi-mitnicheski-pravila-22476189?nt=10',
  'http://dnes.dir.bg/news/ukrina-22479706?nt=10',
  'http://dnes.dir.bg/news/iznos-gazprom-krajat-zhen-potok-22476967?nt=10',
  'http://dnes.dir.bg/news/Germania-evropeyski-parlament-alternativa-germania-politicheska-programa-22476489?nt=10',
  'http://dnes.dir.bg/news/zhertvi-irak-atentat-jihad-22475911?nt=10',
  'http://dnes.dir.bg/news/turtzia-shtinmier-migranti-bezhanskiat-natisk-22475244?nt=10',
  'http://dnes.dir.bg/news/samoleti-USA-rusia-ukrina-prehvashtane-22470450?nt=9',
  'http://dnes.dir.bg/news/ukrina-22479706?nt=9',
  'http://dnes.dir.bg/news/Germania-evropeyski-parlament-alternativa-germania-politicheska-programa-22476489?nt=9',
  'http://dnes.dir.bg/news/targovia-es-evropeyski-parlament-novi-mitnicheski-pravila-22476189?nt=9' ] [ 0.0056054973008437025,
  0.0015560345324404385,
  0.004818972259281409,
  0.006148948838913571,
  0.0015560883397113744,
  0.005003893189208995 ]
9 5 [ 'http://dnes.dir.bg/news/bansko-hram-sveti-georgi-pobedonosetz-22476888?nt=10',
  'http://dnes.dir.bg/news/produkti-mente-22477065?nt=10',
  'http://dnes.dir.bg/news/patriotichen-fontan-22476332?nt=10',
  'http://dnes.dir.bg/news/plovdiv-burki-22479851?nt=10',
  'http://dnes.dir.bg/news/dazhd-vremeto-mi-22474637?nt=10',
  'http://dnes.dir.bg/news/hilari-klintan-barak-obama-22474405?nt=10',
  'http://dnes.dir.bg/news/alpinist-bojan-petrov-osemhiljadnik-anapurna-22475452?nt=10',
  'http://dnes.dir.bg/news/voda-tzena-kevr-22475005?nt=10',
  'http://dnes.dir.bg/news/plovdiv-burki-22479851?nt=9',
  'http://dnes.dir.bg/news/produkti-mente-22477065?nt=9' ] [ 0.008767435240535155,
  0.004075496517623293,
  0.001611313974381267,
  0.0008305839466580532,
  0.00031967119534193403,
  0.0014841876926589793,
  0.006399307690555897 ]
10 1 [ 'http://dnes.dir.bg/tag_first.php?id=46544' ] []
11 2 [ 'http://dnes.dir.bg/cat.php?id=434',
  'http://dnes.dir.bg/cat.php?id=417' ] []
12 1 [ 'http://dnes.dir.bg/video.php?id=22456953&lv=1' ] []
13 2 [ 'http://dnes.dir.bg/news.php?id=22450892',
  'http://dnes.dir.bg/news.php?id=22472274&nt=9' ] [ 0.0005657479996767154 ]
14 1 [ 'http://dnes.dir.bg/news/protesti-izbori2013-izborniat-kodex-22479255?nt=9' ] []
15 4 [ 'http://dnes.dir.bg/ereferendum/anketa.php?id=936&action=result&quq1503=7240&;co=1',
  'http://dnes.dir.bg/ereferendum/anketa.php?id=933',
  'http://dnes.dir.bg/ereferendum/anketa.php?id=936&action=result&quq1503=7239&;co=1',
  'http://dnes.dir.bg/ereferendum/anketa.php?id=578' ] []
16 1 [ 'http://dnes.dir.bg/ereferendum/' ] []
17 1 [ 'http://dnes.dir.bg/rules.php' ] []

Scoring http://dnes.dir.bg/news/rusia-ukrina-nato-22471777?nt=9 8 0.004522412712878054
Scoring http://dnes.dir.bg/news/iznos-gazprom-krajat-zhen-potok-22476967?nt=9 8 0
Scoring http://dnes.dir.bg/news/severna-koreja-svatbi-kongres-pogrebenia-22479585?nt=9 9 0.00782644194319706
Scoring http://dnes.dir.bg/contacts.php 1 0.0892405655960296
Scoring http://dnes.dir.bg/news_comments.php?id=18704599 2 0
0 5 [ 'http://dnes.dir.bg',
  'http://dnes.dir.bg/?section=glavnite&page=3&state=0&titles=',
  'http://dnes.dir.bg/?&state=1',
  'http://dnes.dir.bg/',
  'http://dnes.dir.bg/cat/main/',
  'http://dnes.dir.bg/?&state=2',
  'http://dnes.dir.bg/?&titles=true&page=0',
  'http://dnes.dir.bg/?&page=0',
  'http://dnes.dir.bg/?section=glavnite&page=4&state=0&titles=',
  'http://dnes.dir.bg/?section=glavnite&page=2&state=0&titles=',
  'http://dnes.dir.bg/?section=glavnite&page=1&state=0&titles=',
  'http://dnes.dir.bg/?section=glavnite&page=5&state=0&titles=',
  'http://dnes.dir.bg/?section=glavnite&page=6&state=0&titles=' ] [ 0.00043329689700335805 ]
1 2 [ 'http://dnes.dir.bg/support/cat_rss.php?section=all',
  'http://dnes.dir.bg/support/cat_rss.php?section=glavnite' ] []
2 5 [ 'http://dnes.dir.bg/news_comments.php?id=22479851',
  'http://dnes.dir.bg/news_comments.php?id=22475911',
  'http://dnes.dir.bg/news_comments.php?id=22476189',
  'http://dnes.dir.bg/news_comments.php?id=22475728',
  'http://dnes.dir.bg/news_comments.php?id=22475244',
  'http://dnes.dir.bg/news_comments.php?id=22477065',
  'http://dnes.dir.bg/news_comments.php?id=22479706',
  'http://dnes.dir.bg/news_comments.php?id=22476332',
  'http://dnes.dir.bg/news_comments.php?id=22476967',
  'http://dnes.dir.bg/news_comments.php?id=22474405',
  'http://dnes.dir.bg/news_comments.php?id=22475452',
  'http://dnes.dir.bg/news_comments.php?id=22474637',
  'http://dnes.dir.bg/news_comments.php?id=22476888',
  'http://dnes.dir.bg/news_comments.php?id=22476489',
  'http://dnes.dir.bg/news_comments.php?id=22475005',
  'http://dnes.dir.bg/news_comments.php?id=22475981',
  'http://dnes.dir.bg/news_comments.php?id=22476697',
  'http://dnes.dir.bg/news_comments.php?id=18704599' ] []
3 1 [ 'http://dnes.dir.bg/gallery_fp.php' ] []
4 1 [ 'http://dnes.dir.bg/news/sofia-mvr-proverki-22475981?nt=10' ] []
5 5 [ 'http://dnes.dir.bg/cat/politics/',
  'http://dnes.dir.bg/cat/business/',
  'http://dnes.dir.bg/cat/all/',
  'http://dnes.dir.bg/cat/society/',
  'http://dnes.dir.bg/cat/world/',
  'http://dnes.dir.bg/topics.php?section=all' ] []
6 2 [ 'http://dnes.dir.bg/news/USA-barak-obama-prezidentski-izbori-sasht-izbori-2016-22476697?nt=10',
  'http://dnes.dir.bg/news/USA-barak-obama-prezidentski-izbori-sasht-izbori-2016-22476697?nt=9' ] []
7 5 [ 'http://dnes.dir.bg/tag_first.php?id=45576',
  'http://dnes.dir.bg/tag_first.php?id=139004',
  'http://dnes.dir.bg/tag_first.php?id=139584',
  'http://dnes.dir.bg/tag_first.php?id=122244',
  'http://dnes.dir.bg/tag_first.php?id=132368',
  'http://dnes.dir.bg/tag_first.php?id=119833',
  'http://dnes.dir.bg/tag_first.php?id=121340',
  'http://dnes.dir.bg/tag_first.php?id=47170' ] [ 0.0019193857965451055,
  0.0007864284911807662,
  0.003435931856681689,
  0.001636455186304129,
  0.0006232620577236551,
  0.0008683433587521116 ]
8 5 [ 'http://dnes.dir.bg/news/targovia-es-evropeyski-parlament-novi-mitnicheski-pravila-22476189?nt=10',
  'http://dnes.dir.bg/news/ukrina-22479706?nt=10',
  'http://dnes.dir.bg/news/iznos-gazprom-krajat-zhen-potok-22476967?nt=10',
  'http://dnes.dir.bg/news/Germania-evropeyski-parlament-alternativa-germania-politicheska-programa-22476489?nt=10',
  'http://dnes.dir.bg/news/zhertvi-irak-atentat-jihad-22475911?nt=10',
  'http://dnes.dir.bg/news/turtzia-shtinmier-migranti-bezhanskiat-natisk-22475244?nt=10',
  'http://dnes.dir.bg/news/samoleti-USA-rusia-ukrina-prehvashtane-22470450?nt=9',
  'http://dnes.dir.bg/news/ukrina-22479706?nt=9',
  'http://dnes.dir.bg/news/Germania-evropeyski-parlament-alternativa-germania-politicheska-programa-22476489?nt=9',
  'http://dnes.dir.bg/news/targovia-es-evropeyski-parlament-novi-mitnicheski-pravila-22476189?nt=9',
  'http://dnes.dir.bg/news/rusia-ukrina-nato-22471777?nt=9',
  'http://dnes.dir.bg/news/iznos-gazprom-krajat-zhen-potok-22476967?nt=9' ] [ 0.0056054973008437025,
  0.0015560345324404385,
  0.004818972259281409,
  0.006148948838913571,
  0.0015560883397113744,
  0.005003893189208995,
  0.004522412712878054 ]
9 5 [ 'http://dnes.dir.bg/news/bansko-hram-sveti-georgi-pobedonosetz-22476888?nt=10',
  'http://dnes.dir.bg/news/produkti-mente-22477065?nt=10',
  'http://dnes.dir.bg/news/patriotichen-fontan-22476332?nt=10',
  'http://dnes.dir.bg/news/plovdiv-burki-22479851?nt=10',
  'http://dnes.dir.bg/news/dazhd-vremeto-mi-22474637?nt=10',
  'http://dnes.dir.bg/news/hilari-klintan-barak-obama-22474405?nt=10',
  'http://dnes.dir.bg/news/alpinist-bojan-petrov-osemhiljadnik-anapurna-22475452?nt=10',
  'http://dnes.dir.bg/news/voda-tzena-kevr-22475005?nt=10',
  'http://dnes.dir.bg/news/plovdiv-burki-22479851?nt=9',
  'http://dnes.dir.bg/news/produkti-mente-22477065?nt=9',
  'http://dnes.dir.bg/news/severna-koreja-svatbi-kongres-pogrebenia-22479585?nt=9' ] [ 0.008767435240535155,
  0.004075496517623293,
  0.001611313974381267,
  0.0008305839466580532,
  0.00031967119534193403,
  0.0014841876926589793,
  0.006399307690555897,
  0.00782644194319706 ]
10 1 [ 'http://dnes.dir.bg/tag_first.php?id=46544' ] []
11 2 [ 'http://dnes.dir.bg/cat.php?id=434',
  'http://dnes.dir.bg/cat.php?id=417' ] []
12 1 [ 'http://dnes.dir.bg/video.php?id=22456953&lv=1' ] []
13 2 [ 'http://dnes.dir.bg/news.php?id=22450892',
  'http://dnes.dir.bg/news.php?id=22472274&nt=9' ] [ 0.0005657479996767154 ]
14 1 [ 'http://dnes.dir.bg/news/protesti-izbori2013-izborniat-kodex-22479255?nt=9' ] []
15 4 [ 'http://dnes.dir.bg/ereferendum/anketa.php?id=936&action=result&quq1503=7240&;co=1',
  'http://dnes.dir.bg/ereferendum/anketa.php?id=933',
  'http://dnes.dir.bg/ereferendum/anketa.php?id=936&action=result&quq1503=7239&;co=1',
  'http://dnes.dir.bg/ereferendum/anketa.php?id=578' ] []
16 1 [ 'http://dnes.dir.bg/ereferendum/' ] []
17 1 [ 'http://dnes.dir.bg/rules.php' ] []
18 1 [ 'http://dnes.dir.bg/contacts.php' ] []

Pages crawled: 89, Total MB processed: 6.286151885986328, Average bytes per page: 74061.88764044944
Scoring http://dnes.dir.bg/2016/05/01/news22476967.html 13 0.005086062489378748
0 5 [ 'http://dnes.dir.bg',
  'http://dnes.dir.bg/?section=glavnite&page=3&state=0&titles=',
  'http://dnes.dir.bg/?&state=1',
  'http://dnes.dir.bg/',
  'http://dnes.dir.bg/cat/main/',
  'http://dnes.dir.bg/?&state=2',
  'http://dnes.dir.bg/?&titles=true&page=0',
  'http://dnes.dir.bg/?&page=0',
  'http://dnes.dir.bg/?section=glavnite&page=4&state=0&titles=',
  'http://dnes.dir.bg/?section=glavnite&page=2&state=0&titles=',
  'http://dnes.dir.bg/?section=glavnite&page=1&state=0&titles=',
  'http://dnes.dir.bg/?section=glavnite&page=5&state=0&titles=',
  'http://dnes.dir.bg/?section=glavnite&page=6&state=0&titles=' ] [ 0.00043329689700335805 ]
1 2 [ 'http://dnes.dir.bg/support/cat_rss.php?section=all',
  'http://dnes.dir.bg/support/cat_rss.php?section=glavnite' ] []
2 5 [ 'http://dnes.dir.bg/news_comments.php?id=22479851',
  'http://dnes.dir.bg/news_comments.php?id=22475911',
  'http://dnes.dir.bg/news_comments.php?id=22476189',
  'http://dnes.dir.bg/news_comments.php?id=22475728',
  'http://dnes.dir.bg/news_comments.php?id=22475244',
  'http://dnes.dir.bg/news_comments.php?id=22477065',
  'http://dnes.dir.bg/news_comments.php?id=22479706',
  'http://dnes.dir.bg/news_comments.php?id=22476332',
  'http://dnes.dir.bg/news_comments.php?id=22476967',
  'http://dnes.dir.bg/news_comments.php?id=22474405',
  'http://dnes.dir.bg/news_comments.php?id=22475452',
  'http://dnes.dir.bg/news_comments.php?id=22474637',
  'http://dnes.dir.bg/news_comments.php?id=22476888',
  'http://dnes.dir.bg/news_comments.php?id=22476489',
  'http://dnes.dir.bg/news_comments.php?id=22475005',
  'http://dnes.dir.bg/news_comments.php?id=22475981',
  'http://dnes.dir.bg/news_comments.php?id=22476697',
  'http://dnes.dir.bg/news_comments.php?id=18704599' ] []
3 1 [ 'http://dnes.dir.bg/gallery_fp.php' ] []
4 1 [ 'http://dnes.dir.bg/news/sofia-mvr-proverki-22475981?nt=10' ] []
5 5 [ 'http://dnes.dir.bg/cat/politics/',
  'http://dnes.dir.bg/cat/business/',
  'http://dnes.dir.bg/cat/all/',
  'http://dnes.dir.bg/cat/society/',
  'http://dnes.dir.bg/cat/world/',
  'http://dnes.dir.bg/topics.php?section=all' ] []
6 2 [ 'http://dnes.dir.bg/news/USA-barak-obama-prezidentski-izbori-sasht-izbori-2016-22476697?nt=10',
  'http://dnes.dir.bg/news/USA-barak-obama-prezidentski-izbori-sasht-izbori-2016-22476697?nt=9' ] []
7 5 [ 'http://dnes.dir.bg/tag_first.php?id=45576',
  'http://dnes.dir.bg/tag_first.php?id=139004',
  'http://dnes.dir.bg/tag_first.php?id=139584',
  'http://dnes.dir.bg/tag_first.php?id=122244',
  'http://dnes.dir.bg/tag_first.php?id=132368',
  'http://dnes.dir.bg/tag_first.php?id=119833',
  'http://dnes.dir.bg/tag_first.php?id=121340',
  'http://dnes.dir.bg/tag_first.php?id=47170' ] [ 0.0019193857965451055,
  0.0007864284911807662,
  0.003435931856681689,
  0.001636455186304129,
  0.0006232620577236551,
  0.0008683433587521116 ]
8 5 [ 'http://dnes.dir.bg/news/targovia-es-evropeyski-parlament-novi-mitnicheski-pravila-22476189?nt=10',
  'http://dnes.dir.bg/news/ukrina-22479706?nt=10',
  'http://dnes.dir.bg/news/iznos-gazprom-krajat-zhen-potok-22476967?nt=10',
  'http://dnes.dir.bg/news/Germania-evropeyski-parlament-alternativa-germania-politicheska-programa-22476489?nt=10',
  'http://dnes.dir.bg/news/zhertvi-irak-atentat-jihad-22475911?nt=10',
  'http://dnes.dir.bg/news/turtzia-shtinmier-migranti-bezhanskiat-natisk-22475244?nt=10',
  'http://dnes.dir.bg/news/samoleti-USA-rusia-ukrina-prehvashtane-22470450?nt=9',
  'http://dnes.dir.bg/news/ukrina-22479706?nt=9',
  'http://dnes.dir.bg/news/Germania-evropeyski-parlament-alternativa-germania-politicheska-programa-22476489?nt=9',
  'http://dnes.dir.bg/news/targovia-es-evropeyski-parlament-novi-mitnicheski-pravila-22476189?nt=9',
  'http://dnes.dir.bg/news/rusia-ukrina-nato-22471777?nt=9',
  'http://dnes.dir.bg/news/iznos-gazprom-krajat-zhen-potok-22476967?nt=9' ] [ 0.0056054973008437025,
  0.0015560345324404385,
  0.004818972259281409,
  0.006148948838913571,
  0.0015560883397113744,
  0.005003893189208995,
  0.004522412712878054 ]
9 5 [ 'http://dnes.dir.bg/news/bansko-hram-sveti-georgi-pobedonosetz-22476888?nt=10',
  'http://dnes.dir.bg/news/produkti-mente-22477065?nt=10',
  'http://dnes.dir.bg/news/patriotichen-fontan-22476332?nt=10',
  'http://dnes.dir.bg/news/plovdiv-burki-22479851?nt=10',
  'http://dnes.dir.bg/news/dazhd-vremeto-mi-22474637?nt=10',
  'http://dnes.dir.bg/news/hilari-klintan-barak-obama-22474405?nt=10',
  'http://dnes.dir.bg/news/alpinist-bojan-petrov-osemhiljadnik-anapurna-22475452?nt=10',
  'http://dnes.dir.bg/news/voda-tzena-kevr-22475005?nt=10',
  'http://dnes.dir.bg/news/plovdiv-burki-22479851?nt=9',
  'http://dnes.dir.bg/news/produkti-mente-22477065?nt=9',
  'http://dnes.dir.bg/news/severna-koreja-svatbi-kongres-pogrebenia-22479585?nt=9' ] [ 0.008767435240535155,
  0.004075496517623293,
  0.001611313974381267,
  0.0008305839466580532,
  0.00031967119534193403,
  0.0014841876926589793,
  0.006399307690555897,
  0.00782644194319706 ]
10 1 [ 'http://dnes.dir.bg/tag_first.php?id=46544' ] []
11 2 [ 'http://dnes.dir.bg/cat.php?id=434',
  'http://dnes.dir.bg/cat.php?id=417' ] []
12 1 [ 'http://dnes.dir.bg/video.php?id=22456953&lv=1' ] []
13 3 [ 'http://dnes.dir.bg/news.php?id=22450892',
  'http://dnes.dir.bg/news.php?id=22472274&nt=9',
  'http://dnes.dir.bg/2016/05/01/news22476967.html' ] [ 0.0005657479996767154, 0.005086062489378748 ]
14 1 [ 'http://dnes.dir.bg/news/protesti-izbori2013-izborniat-kodex-22479255?nt=9' ] []
15 4 [ 'http://dnes.dir.bg/ereferendum/anketa.php?id=936&action=result&quq1503=7240&;co=1',
  'http://dnes.dir.bg/ereferendum/anketa.php?id=933',
  'http://dnes.dir.bg/ereferendum/anketa.php?id=936&action=result&quq1503=7239&;co=1',
  'http://dnes.dir.bg/ereferendum/anketa.php?id=578' ] []
16 1 [ 'http://dnes.dir.bg/ereferendum/' ] []
17 1 [ 'http://dnes.dir.bg/rules.php' ] []
18 1 [ 'http://dnes.dir.bg/contacts.php' ] []

